# Weather Forecast Thu Mar 12 12:06:38 AM UTC 2026
Generating weather forecast...
🌊 Fetching tide data from tabuademares.com...
🔍 Searching for: '13/3' in content...
⚠️ Date '13/3' not found in content
✅ Found tide data for 2026-03-13
📍 *Previsão para 13/03/2026*
📍 *Baleal*

🕐 *Condições ao longo do dia:*
06h → 🌤️ Parcialmente nublado 12°C
09h → 🌤️ Parcialmente nublado 14°C
12h → 🌤️ Parcialmente nublado 15°C
15h → ☁️ Nublado 15°C
18h → ☁️ Nublado 14°C

🌡️ *Temperaturas:* 12°C - 15°C
🌬️ *Vento máximo:* 22 km/h
🌧️ *Probabilidade de chuva:* 35%
🔆 *Índice UV:* 1 (Baixo)
👕 *Vestuário:* Roupas normais servem 👕

✅ Bom dia para Lavar roupa!
☔ Não deixes o tempo nublado escurecer o teu humor.

🎣 *Previsão de Pesca:*
📊 *Probabilidade:* 🐟 Excelente
💡 🌊 Perfeito para pescar! Sai à água sem medo!
*🗓️ Dicas:*
   • Usa iscas naturais
   • Pesca em águas mais profundas

🌊 *Marés Peniche:*
   19:59 → Alta (2.3m)
   2:30: → Alta (1.5m)
⚓ *Condições Marítimas:*
   🌊 Mar: Moderado (máx. 22 km/h)
   🎣 Melhor pesca: 18:00-19:00
   📊 Fonte maré: tabuademares.com

*📅 Resumo próximos dias:*
Thu → Ver acima ☀️
Fri → 06h → 🌤️ Parcialmente nublado 12°C
Sat → 🌤️ Ver detalhado

==================================================
Sending to Telegram...
📱 Previsão enviada para Telegram com sucesso!

✅ Forecast generated at 00:06:40
Generating weather forecast...
🌊 Fetching tide data from tabuademares.com...
🔍 Searching for: '13/3' in content...
⚠️ Date '13/3' not found in content
✅ Found tide data for 2026-03-13
📍 *Previsão para 13/03/2026*
📍 *Baleal*

🕐 *Condições ao longo do dia:*
06h → 🌤️ Parcialmente nublado 12°C
09h → 🌤️ Parcialmente nublado 14°C
12h → 🌤️ Parcialmente nublado 15°C
15h → ☁️ Nublado 15°C
18h → ☁️ Nublado 14°C

🌡️ *Temperaturas:* 12°C - 15°C
🌬️ *Vento máximo:* 22 km/h
🌧️ *Probabilidade de chuva:* 35%
🔆 *Índice UV:* 1 (Baixo)
👕 *Vestuário:* Roupas normais servem 👕

✅ Bom dia para Lavar roupa!
☔ Não deixes o tempo nublado escurecer o teu humor.

🎣 *Previsão de Pesca:*
📊 *Probabilidade:* 🐟 Excelente
💡 🌊 Perfeito para pescar! Sai à água sem medo!
*🗓️ Dicas:*
   • Usa iscas naturais
   • Pesca em águas mais profundas

🌊 *Marés Peniche:*
   19:59 → Alta (2.3m)
   2:30: → Alta (1.5m)
⚓ *Condições Marítimas:*
   🌊 Mar: Moderado (máx. 22 km/h)
   🎣 Melhor pesca: 18:00-19:00
   📊 Fonte maré: tabuademares.com

*📅 Resumo próximos dias:*
Thu → Ver acima ☀️
Fri → 06h → 🌤️ Parcialmente nublado 12°C
Sat → 🌤️ Ver detalhado

==================================================
Sending to Telegram...
📱 Previsão enviada para Telegram com sucesso!

✅ Forecast generated at 00:06:42
---
# Weather Forecast Thu Mar 12 08:00:34 PM UTC 2026
Generating weather forecast...
Error fetching weather data: HTTPSConnectionPool(host='api.open-meteo.com', port=443): Max retries exceeded with url: /v1/forecast?latitude=39.3747&longitude=-9.3414&hourly=temperature_2m%2Cprecipitation_probability%2Cweathercode%2Cwind_speed_10m&hourly_weathercode=temperature_2m%2Cprecipitation_probability%2Cweathercode%2Cwind_speed_10m&daily=temperature_2m_max%2Ctemperature_2m_min%2Cprecipitation_sum%2Cwind_speed_10m_max%2Cprecipitation_probability_max&timezone=Europe%2FLisbon&start_date=2026-03-13&end_date=2026-03-13 (Caused by NameResolutionError("<urllib3.connection.HTTPSConnection object at 0x7a88e3b45100>: Failed to resolve 'api.open-meteo.com' ([Errno -3] Temporary failure in name resolution)"))
📍 *Previsão para 13/03/2026*
📍 *Baleal*

❌ *Erro ao obter dados meteorológicos*

==================================================
Sending to Telegram...
❌ Erro ao enviar para Telegram: HTTPSConnectionPool(host='api.telegram.org', port=443): Max retries exceeded with url: /bot7339165016:AAGzSn65GLOd2H50jr4mmSPeIOTt1I2_iVQ/sendMessage (Caused by NameResolutionError("<urllib3.connection.HTTPSConnection object at 0x7a88e3b45700>: Failed to resolve 'api.telegram.org' ([Errno -3] Temporary failure in name resolution)"))
⚠️ Failed to send to Telegram - check bot permissions and chat ID
Bot token: 7339165016:AAGzSn65GLOd2H50jr4mmSPeIOTt1I2_iVQ
To find your chat ID, first message the bot or join a channel

✅ Forecast generated at 20:01:10
---
# Weather Forecast Fri Mar 13 08:00:51 PM UTC 2026
Generating weather forecast...
Error fetching weather data: HTTPSConnectionPool(host='api.open-meteo.com', port=443): Max retries exceeded with url: /v1/forecast?latitude=39.3747&longitude=-9.3414&hourly=temperature_2m%2Cprecipitation_probability%2Cweathercode%2Cwind_speed_10m&hourly_weathercode=temperature_2m%2Cprecipitation_probability%2Cweathercode%2Cwind_speed_10m&daily=temperature_2m_max%2Ctemperature_2m_min%2Cprecipitation_sum%2Cwind_speed_10m_max%2Cprecipitation_probability_max&timezone=Europe%2FLisbon&start_date=2026-03-14&end_date=2026-03-14 (Caused by NameResolutionError("<urllib3.connection.HTTPSConnection object at 0x7213c0470b60>: Failed to resolve 'api.open-meteo.com' ([Errno -3] Temporary failure in name resolution)"))
📍 *Previsão para 14/03/2026*
📍 *Baleal*

❌ *Erro ao obter dados meteorológicos*

==================================================
Sending to Telegram...
❌ Erro ao enviar para Telegram: HTTPSConnectionPool(host='api.telegram.org', port=443): Max retries exceeded with url: /bot7339165016:AAGzSn65GLOd2H50jr4mmSPeIOTt1I2_iVQ/sendMessage (Caused by NameResolutionError("<urllib3.connection.HTTPSConnection object at 0x7213c04712b0>: Failed to resolve 'api.telegram.org' ([Errno -3] Temporary failure in name resolution)"))
⚠️ Failed to send to Telegram - check bot permissions and chat ID
Bot token: 7339165016:AAGzSn65GLOd2H50jr4mmSPeIOTt1I2_iVQ
To find your chat ID, first message the bot or join a channel

✅ Forecast generated at 20:01:28
---
# Weather Forecast Sat Mar 14 08:00:08 PM UTC 2026
Generating weather forecast...
Error fetching weather data: HTTPSConnectionPool(host='api.open-meteo.com', port=443): Max retries exceeded with url: /v1/forecast?latitude=39.3747&longitude=-9.3414&hourly=temperature_2m%2Cprecipitation_probability%2Cweathercode%2Cwind_speed_10m&hourly_weathercode=temperature_2m%2Cprecipitation_probability%2Cweathercode%2Cwind_speed_10m&daily=temperature_2m_max%2Ctemperature_2m_min%2Cprecipitation_sum%2Cwind_speed_10m_max%2Cprecipitation_probability_max&timezone=Europe%2FLisbon&start_date=2026-03-15&end_date=2026-03-15 (Caused by SSLError(SSLEOFError(8, '[SSL: UNEXPECTED_EOF_WHILE_READING] EOF occurred in violation of protocol (_ssl.c:1000)')))
📍 *Previsão para 15/03/2026*
📍 *Baleal*

❌ *Erro ao obter dados meteorológicos*

==================================================
Sending to Telegram...
📱 Previsão enviada para Telegram com sucesso!

✅ Forecast generated at 20:00:09
---
# Weather Forecast Sun Mar 15 08:00:35 PM UTC 2026
Generating weather forecast...
Error fetching weather data: HTTPSConnectionPool(host='api.open-meteo.com', port=443): Max retries exceeded with url: /v1/forecast?latitude=39.3747&longitude=-9.3414&hourly=temperature_2m%2Cprecipitation_probability%2Cweathercode%2Cwind_speed_10m&hourly_weathercode=temperature_2m%2Cprecipitation_probability%2Cweathercode%2Cwind_speed_10m&daily=temperature_2m_max%2Ctemperature_2m_min%2Cprecipitation_sum%2Cwind_speed_10m_max%2Cprecipitation_probability_max&timezone=Europe%2FLisbon&start_date=2026-03-16&end_date=2026-03-16 (Caused by NameResolutionError("<urllib3.connection.HTTPSConnection object at 0x733f1c670f20>: Failed to resolve 'api.open-meteo.com' ([Errno -3] Temporary failure in name resolution)"))
📍 *Previsão para 16/03/2026*
📍 *Baleal*

❌ *Erro ao obter dados meteorológicos*

==================================================
Sending to Telegram...
❌ Erro ao enviar para Telegram: HTTPSConnectionPool(host='api.telegram.org', port=443): Max retries exceeded with url: /bot7339165016:AAGzSn65GLOd2H50jr4mmSPeIOTt1I2_iVQ/sendMessage (Caused by NameResolutionError("<urllib3.connection.HTTPSConnection object at 0x733f1c671610>: Failed to resolve 'api.telegram.org' ([Errno -3] Temporary failure in name resolution)"))
⚠️ Failed to send to Telegram - check bot permissions and chat ID
Bot token: 7339165016:AAGzSn65GLOd2H50jr4mmSPeIOTt1I2_iVQ
To find your chat ID, first message the bot or join a channel

✅ Forecast generated at 20:01:15
---
# Weather Forecast Mon Mar 16 08:00:08 PM UTC 2026
Generating weather forecast...
Error fetching weather data: HTTPSConnectionPool(host='api.open-meteo.com', port=443): Read timed out. (read timeout=10)
📍 *Previsão para 17/03/2026*
📍 *Baleal*

❌ *Erro ao obter dados meteorológicos*

==================================================
Sending to Telegram...
❌ Falha ao enviar para Telegram: 401
Resposta: {"ok":false,"error_code":401,"description":"Unauthorized"}
⚠️ Failed to send to Telegram - check bot permissions and chat ID
Bot token: 7339165016:AAGzSn65GLOd2H50jr4mmSPeIOTt1I2_iVQ
To find your chat ID, first message the bot or join a channel

✅ Forecast generated at 20:00:19
---
